2023-08-01 13:06:22,798  INFO [main] ClearTripStepDefinitions:61 - User launched cleartrip website
2023-08-01 13:06:40,331  INFO [main] ClearTripFlightSearchpage:52 - user is browsing for early morning flights:Midnight - 8 am
2023-08-01 13:07:04,631 DEBUG [main] cache:44 - Couldn't find template in cache for "spark/spark.spa.ftl"("en_GB", UTF-8, parsed); will try to load it.
2023-08-01 13:07:04,633 DEBUG [main] cache:44 - TemplateLoader.findTemplateSource("spark/spark.spa_en_GB.ftl"): Not found
2023-08-01 13:07:04,636 DEBUG [main] cache:44 - TemplateLoader.findTemplateSource("spark/spark.spa_en.ftl"): Not found
2023-08-01 13:07:04,638 DEBUG [main] cache:44 - TemplateLoader.findTemplateSource("spark/spark.spa.ftl"): Found
2023-08-01 13:07:04,640 DEBUG [main] cache:44 - Loading template for "spark/spark.spa.ftl"("en_GB", UTF-8, parsed) from "jar:file:/Users/lakshmiayothi/.m2/repository/com/aventstack/extentreports/4.1.7/extentreports-4.1.7.jar!/com/aventstack/extentreports/view/spark/spark.spa.ftl"
2023-08-01 13:07:05,271 DEBUG [main] cache:44 - Couldn't find template in cache for "commons/commons-variables.ftl"("en_GB", UTF-8, parsed); will try to load it.
2023-08-01 13:07:05,273 DEBUG [main] cache:44 - TemplateLoader.findTemplateSource("commons/commons-variables_en_GB.ftl"): Not found
2023-08-01 13:07:05,274 DEBUG [main] cache:44 - TemplateLoader.findTemplateSource("commons/commons-variables_en.ftl"): Not found
2023-08-01 13:07:05,275 DEBUG [main] cache:44 - TemplateLoader.findTemplateSource("commons/commons-variables.ftl"): Found
2023-08-01 13:07:05,276 DEBUG [main] cache:44 - Loading template for "commons/commons-variables.ftl"("en_GB", UTF-8, parsed) from "jar:file:/Users/lakshmiayothi/.m2/repository/com/aventstack/extentreports/4.1.7/extentreports-4.1.7.jar!/com/aventstack/extentreports/view/commons/commons-variables.ftl"
2023-08-01 13:07:05,586 DEBUG [main] cache:44 - Couldn't find template in cache for "commons/commons-macros.ftl"("en_GB", UTF-8, parsed); will try to load it.
2023-08-01 13:07:05,587 DEBUG [main] cache:44 - TemplateLoader.findTemplateSource("commons/commons-macros_en_GB.ftl"): Not found
2023-08-01 13:07:05,588 DEBUG [main] cache:44 - TemplateLoader.findTemplateSource("commons/commons-macros_en.ftl"): Not found
2023-08-01 13:07:05,596 DEBUG [main] cache:44 - TemplateLoader.findTemplateSource("commons/commons-macros.ftl"): Found
2023-08-01 13:07:05,629 DEBUG [main] cache:44 - Loading template for "commons/commons-macros.ftl"("en_GB", UTF-8, parsed) from "jar:file:/Users/lakshmiayothi/.m2/repository/com/aventstack/extentreports/4.1.7/extentreports-4.1.7.jar!/com/aventstack/extentreports/view/commons/commons-macros.ftl"
2023-08-01 13:07:05,681 DEBUG [main] cache:44 - Couldn't find template in cache for "spark/macros/attributes.ftl"("en_GB", UTF-8, parsed); will try to load it.
2023-08-01 13:07:05,681 DEBUG [main] cache:44 - TemplateLoader.findTemplateSource("spark/macros/attributes_en_GB.ftl"): Not found
2023-08-01 13:07:05,682 DEBUG [main] cache:44 - TemplateLoader.findTemplateSource("spark/macros/attributes_en.ftl"): Not found
2023-08-01 13:07:05,684 DEBUG [main] cache:44 - TemplateLoader.findTemplateSource("spark/macros/attributes.ftl"): Found
2023-08-01 13:07:05,684 DEBUG [main] cache:44 - Loading template for "spark/macros/attributes.ftl"("en_GB", UTF-8, parsed) from "jar:file:/Users/lakshmiayothi/.m2/repository/com/aventstack/extentreports/4.1.7/extentreports-4.1.7.jar!/com/aventstack/extentreports/view/spark/macros/attributes.ftl"
2023-08-01 13:07:05,700 DEBUG [main] cache:44 - Couldn't find template in cache for "spark/macros/log.ftl"("en_GB", UTF-8, parsed); will try to load it.
2023-08-01 13:07:05,701 DEBUG [main] cache:44 - TemplateLoader.findTemplateSource("spark/macros/log_en_GB.ftl"): Not found
2023-08-01 13:07:05,703 DEBUG [main] cache:44 - TemplateLoader.findTemplateSource("spark/macros/log_en.ftl"): Not found
2023-08-01 13:07:05,707 DEBUG [main] cache:44 - TemplateLoader.findTemplateSource("spark/macros/log.ftl"): Found
2023-08-01 13:07:05,713 DEBUG [main] cache:44 - Loading template for "spark/macros/log.ftl"("en_GB", UTF-8, parsed) from "jar:file:/Users/lakshmiayothi/.m2/repository/com/aventstack/extentreports/4.1.7/extentreports-4.1.7.jar!/com/aventstack/extentreports/view/spark/macros/log.ftl"
2023-08-01 13:07:05,717 DEBUG [main] cache:44 - Couldn't find template in cache for "spark/macros/recurse_nodes.ftl"("en_GB", UTF-8, parsed); will try to load it.
2023-08-01 13:07:05,720 DEBUG [main] cache:44 - TemplateLoader.findTemplateSource("spark/macros/recurse_nodes_en_GB.ftl"): Not found
2023-08-01 13:07:05,721 DEBUG [main] cache:44 - TemplateLoader.findTemplateSource("spark/macros/recurse_nodes_en.ftl"): Not found
2023-08-01 13:07:05,722 DEBUG [main] cache:44 - TemplateLoader.findTemplateSource("spark/macros/recurse_nodes.ftl"): Found
2023-08-01 13:07:05,723 DEBUG [main] cache:44 - Loading template for "spark/macros/recurse_nodes.ftl"("en_GB", UTF-8, parsed) from "jar:file:/Users/lakshmiayothi/.m2/repository/com/aventstack/extentreports/4.1.7/extentreports-4.1.7.jar!/com/aventstack/extentreports/view/spark/macros/recurse_nodes.ftl"
2023-08-01 13:07:05,737 DEBUG [main] cache:44 - "spark/macros/log.ftl"("en_GB", UTF-8, parsed) cached copy not yet stale; using cached.
2023-08-01 13:07:05,769 DEBUG [main] cache:44 - Couldn't find template in cache for "spark/partials/head.ftl"("en_GB", UTF-8, parsed); will try to load it.
2023-08-01 13:07:05,784 DEBUG [main] cache:44 - TemplateLoader.findTemplateSource("spark/partials/head_en_GB.ftl"): Not found
2023-08-01 13:07:05,785 DEBUG [main] cache:44 - TemplateLoader.findTemplateSource("spark/partials/head_en.ftl"): Not found
2023-08-01 13:07:05,786 DEBUG [main] cache:44 - TemplateLoader.findTemplateSource("spark/partials/head.ftl"): Found
2023-08-01 13:07:05,787 DEBUG [main] cache:44 - Loading template for "spark/partials/head.ftl"("en_GB", UTF-8, parsed) from "jar:file:/Users/lakshmiayothi/.m2/repository/com/aventstack/extentreports/4.1.7/extentreports-4.1.7.jar!/com/aventstack/extentreports/view/spark/partials/head.ftl"
2023-08-01 13:07:05,802 DEBUG [main] cache:44 - Couldn't find template in cache for "commons/commons-inject-css.ftl"("en_GB", UTF-8, parsed); will try to load it.
2023-08-01 13:07:05,803 DEBUG [main] cache:44 - TemplateLoader.findTemplateSource("commons/commons-inject-css_en_GB.ftl"): Not found
2023-08-01 13:07:05,806 DEBUG [main] cache:44 - TemplateLoader.findTemplateSource("commons/commons-inject-css_en.ftl"): Not found
2023-08-01 13:07:05,811 DEBUG [main] cache:44 - TemplateLoader.findTemplateSource("commons/commons-inject-css.ftl"): Found
2023-08-01 13:07:05,811 DEBUG [main] cache:44 - Loading template for "commons/commons-inject-css.ftl"("en_GB", UTF-8, parsed) from "jar:file:/Users/lakshmiayothi/.m2/repository/com/aventstack/extentreports/4.1.7/extentreports-4.1.7.jar!/com/aventstack/extentreports/view/commons/commons-inject-css.ftl"
2023-08-01 13:07:05,816 DEBUG [main] cache:44 - Couldn't find template in cache for "spark/partials/navbar.ftl"("en_GB", UTF-8, parsed); will try to load it.
2023-08-01 13:07:05,817 DEBUG [main] cache:44 - TemplateLoader.findTemplateSource("spark/partials/navbar_en_GB.ftl"): Not found
2023-08-01 13:07:05,818 DEBUG [main] cache:44 - TemplateLoader.findTemplateSource("spark/partials/navbar_en.ftl"): Not found
2023-08-01 13:07:05,819 DEBUG [main] cache:44 - TemplateLoader.findTemplateSource("spark/partials/navbar.ftl"): Found
2023-08-01 13:07:05,820 DEBUG [main] cache:44 - Loading template for "spark/partials/navbar.ftl"("en_GB", UTF-8, parsed) from "jar:file:/Users/lakshmiayothi/.m2/repository/com/aventstack/extentreports/4.1.7/extentreports-4.1.7.jar!/com/aventstack/extentreports/view/spark/partials/navbar.ftl"
2023-08-01 13:07:05,877 DEBUG [main] cache:44 - Couldn't find template in cache for "spark/partials/sidenav.ftl"("en_GB", UTF-8, parsed); will try to load it.
2023-08-01 13:07:05,878 DEBUG [main] cache:44 - TemplateLoader.findTemplateSource("spark/partials/sidenav_en_GB.ftl"): Not found
2023-08-01 13:07:05,879 DEBUG [main] cache:44 - TemplateLoader.findTemplateSource("spark/partials/sidenav_en.ftl"): Not found
2023-08-01 13:07:05,881 DEBUG [main] cache:44 - TemplateLoader.findTemplateSource("spark/partials/sidenav.ftl"): Found
2023-08-01 13:07:05,881 DEBUG [main] cache:44 - Loading template for "spark/partials/sidenav.ftl"("en_GB", UTF-8, parsed) from "jar:file:/Users/lakshmiayothi/.m2/repository/com/aventstack/extentreports/4.1.7/extentreports-4.1.7.jar!/com/aventstack/extentreports/view/spark/partials/sidenav.ftl"
2023-08-01 13:07:05,887 DEBUG [main] cache:44 - Couldn't find template in cache for "spark/partials/test.ftl"("en_GB", UTF-8, parsed); will try to load it.
2023-08-01 13:07:05,889 DEBUG [main] cache:44 - TemplateLoader.findTemplateSource("spark/partials/test_en_GB.ftl"): Not found
2023-08-01 13:07:05,890 DEBUG [main] cache:44 - TemplateLoader.findTemplateSource("spark/partials/test_en.ftl"): Not found
2023-08-01 13:07:05,892 DEBUG [main] cache:44 - TemplateLoader.findTemplateSource("spark/partials/test.ftl"): Found
2023-08-01 13:07:05,893 DEBUG [main] cache:44 - Loading template for "spark/partials/test.ftl"("en_GB", UTF-8, parsed) from "jar:file:/Users/lakshmiayothi/.m2/repository/com/aventstack/extentreports/4.1.7/extentreports-4.1.7.jar!/com/aventstack/extentreports/view/spark/partials/test.ftl"
2023-08-01 13:07:05,991 DEBUG [main] cache:44 - Couldn't find template in cache for "spark/partials/bdd-content.ftl"("en_GB", UTF-8, parsed); will try to load it.
2023-08-01 13:07:05,995 DEBUG [main] cache:44 - TemplateLoader.findTemplateSource("spark/partials/bdd-content_en_GB.ftl"): Not found
2023-08-01 13:07:05,996 DEBUG [main] cache:44 - TemplateLoader.findTemplateSource("spark/partials/bdd-content_en.ftl"): Not found
2023-08-01 13:07:05,997 DEBUG [main] cache:44 - TemplateLoader.findTemplateSource("spark/partials/bdd-content.ftl"): Found
2023-08-01 13:07:05,998 DEBUG [main] cache:44 - Loading template for "spark/partials/bdd-content.ftl"("en_GB", UTF-8, parsed) from "jar:file:/Users/lakshmiayothi/.m2/repository/com/aventstack/extentreports/4.1.7/extentreports-4.1.7.jar!/com/aventstack/extentreports/view/spark/partials/bdd-content.ftl"
2023-08-01 13:07:06,084 DEBUG [main] cache:44 - Couldn't find template in cache for "spark/partials/tag.ftl"("en_GB", UTF-8, parsed); will try to load it.
2023-08-01 13:07:06,086 DEBUG [main] cache:44 - TemplateLoader.findTemplateSource("spark/partials/tag_en_GB.ftl"): Not found
2023-08-01 13:07:06,087 DEBUG [main] cache:44 - TemplateLoader.findTemplateSource("spark/partials/tag_en.ftl"): Not found
2023-08-01 13:07:06,094 DEBUG [main] cache:44 - TemplateLoader.findTemplateSource("spark/partials/tag.ftl"): Found
2023-08-01 13:07:06,096 DEBUG [main] cache:44 - Loading template for "spark/partials/tag.ftl"("en_GB", UTF-8, parsed) from "jar:file:/Users/lakshmiayothi/.m2/repository/com/aventstack/extentreports/4.1.7/extentreports-4.1.7.jar!/com/aventstack/extentreports/view/spark/partials/tag.ftl"
2023-08-01 13:07:06,109 DEBUG [main] cache:44 - Couldn't find template in cache for "spark/partials/dashboard.ftl"("en_GB", UTF-8, parsed); will try to load it.
2023-08-01 13:07:06,115 DEBUG [main] cache:44 - TemplateLoader.findTemplateSource("spark/partials/dashboard_en_GB.ftl"): Not found
2023-08-01 13:07:06,116 DEBUG [main] cache:44 - TemplateLoader.findTemplateSource("spark/partials/dashboard_en.ftl"): Not found
2023-08-01 13:07:06,116 DEBUG [main] cache:44 - TemplateLoader.findTemplateSource("spark/partials/dashboard.ftl"): Found
2023-08-01 13:07:06,117 DEBUG [main] cache:44 - Loading template for "spark/partials/dashboard.ftl"("en_GB", UTF-8, parsed) from "jar:file:/Users/lakshmiayothi/.m2/repository/com/aventstack/extentreports/4.1.7/extentreports-4.1.7.jar!/com/aventstack/extentreports/view/spark/partials/dashboard.ftl"
2023-08-01 13:07:06,300 DEBUG [main] cache:44 - Couldn't find template in cache for "spark/partials/scripts.ftl"("en_GB", UTF-8, parsed); will try to load it.
2023-08-01 13:07:06,301 DEBUG [main] cache:44 - TemplateLoader.findTemplateSource("spark/partials/scripts_en_GB.ftl"): Not found
2023-08-01 13:07:06,302 DEBUG [main] cache:44 - TemplateLoader.findTemplateSource("spark/partials/scripts_en.ftl"): Not found
2023-08-01 13:07:06,303 DEBUG [main] cache:44 - TemplateLoader.findTemplateSource("spark/partials/scripts.ftl"): Found
2023-08-01 13:07:06,305 DEBUG [main] cache:44 - Loading template for "spark/partials/scripts.ftl"("en_GB", UTF-8, parsed) from "jar:file:/Users/lakshmiayothi/.m2/repository/com/aventstack/extentreports/4.1.7/extentreports-4.1.7.jar!/com/aventstack/extentreports/view/spark/partials/scripts.ftl"
2023-08-01 13:07:06,308 DEBUG [main] cache:44 - Couldn't find template in cache for "commons/commons-inject-js.ftl"("en_GB", UTF-8, parsed); will try to load it.
2023-08-01 13:07:06,314 DEBUG [main] cache:44 - TemplateLoader.findTemplateSource("commons/commons-inject-js_en_GB.ftl"): Not found
2023-08-01 13:07:06,315 DEBUG [main] cache:44 - TemplateLoader.findTemplateSource("commons/commons-inject-js_en.ftl"): Not found
2023-08-01 13:07:06,316 DEBUG [main] cache:44 - TemplateLoader.findTemplateSource("commons/commons-inject-js.ftl"): Found
2023-08-01 13:07:06,316 DEBUG [main] cache:44 - Loading template for "commons/commons-inject-js.ftl"("en_GB", UTF-8, parsed) from "jar:file:/Users/lakshmiayothi/.m2/repository/com/aventstack/extentreports/4.1.7/extentreports-4.1.7.jar!/com/aventstack/extentreports/view/commons/commons-inject-js.ftl"
